<?xml version="1.0" encoding="UTF-8"?>
<testsuite name="com.crud.tasks.mapper.TrelloMapperTest" tests="2" skipped="0" failures="0" errors="0" timestamp="2024-07-26T13:44:38" hostname="GRUBI" time="0.041">
  <properties/>
  <testcase name="shouldMapToList()" classname="com.crud.tasks.mapper.TrelloMapperTest" time="0.019"/>
  <testcase name="shouldMapToListDto()" classname="com.crud.tasks.mapper.TrelloMapperTest" time="0.014"/>
  <system-out><![CDATA[2024-07-26 15:44:38.042  INFO 16772 --- [    Test worker] .b.t.c.SpringBootTestContextBootstrapper : Neither @ContextConfiguration nor @ContextHierarchy found for test class [com.crud.tasks.mapper.TrelloMapperTest], using SpringBootContextLoader
2024-07-26 15:44:38.042  INFO 16772 --- [    Test worker] o.s.t.c.support.AbstractContextLoader    : Could not detect default resource locations for test class [com.crud.tasks.mapper.TrelloMapperTest]: no resource found for suffixes {-context.xml, Context.groovy}.
2024-07-26 15:44:38.042  INFO 16772 --- [    Test worker] t.c.s.AnnotationConfigContextLoaderUtils : Could not detect default configuration classes for test class [com.crud.tasks.mapper.TrelloMapperTest]: TrelloMapperTest does not declare any static, non-private, non-final, nested classes annotated with @Configuration.
2024-07-26 15:44:38.042  INFO 16772 --- [    Test worker] .b.t.c.SpringBootTestContextBootstrapper : Found @SpringBootConfiguration com.crud.tasks.TasksApplication for test class com.crud.tasks.mapper.TrelloMapperTest
2024-07-26 15:44:38.057  INFO 16772 --- [    Test worker] .b.t.c.SpringBootTestContextBootstrapper : Loaded default TestExecutionListener class names from location [META-INF/spring.factories]: [org.springframework.boot.test.autoconfigure.restdocs.RestDocsTestExecutionListener, org.springframework.boot.test.autoconfigure.web.client.MockRestServiceServerResetTestExecutionListener, org.springframework.boot.test.autoconfigure.web.servlet.MockMvcPrintOnlyOnFailureTestExecutionListener, org.springframework.boot.test.autoconfigure.web.servlet.WebDriverTestExecutionListener, org.springframework.boot.test.autoconfigure.webservices.client.MockWebServiceServerTestExecutionListener, org.springframework.boot.test.mock.mockito.MockitoTestExecutionListener, org.springframework.boot.test.mock.mockito.ResetMocksTestExecutionListener, org.springframework.test.context.web.ServletTestExecutionListener, org.springframework.test.context.support.DirtiesContextBeforeModesTestExecutionListener, org.springframework.test.context.event.ApplicationEventsTestExecutionListener, org.springframework.test.context.support.DependencyInjectionTestExecutionListener, org.springframework.test.context.support.DirtiesContextTestExecutionListener, org.springframework.test.context.transaction.TransactionalTestExecutionListener, org.springframework.test.context.jdbc.SqlScriptsTestExecutionListener, org.springframework.test.context.event.EventPublishingTestExecutionListener]
2024-07-26 15:44:38.057  INFO 16772 --- [    Test worker] .b.t.c.SpringBootTestContextBootstrapper : Using TestExecutionListeners: [org.springframework.test.context.web.ServletTestExecutionListener@18d63996, org.springframework.test.context.support.DirtiesContextBeforeModesTestExecutionListener@6e6bd43b, org.springframework.test.context.event.ApplicationEventsTestExecutionListener@4a532271, org.springframework.boot.test.mock.mockito.MockitoTestExecutionListener@35b38986, org.springframework.boot.test.autoconfigure.SpringBootDependencyInjectionTestExecutionListener@1c000c2f, org.springframework.test.context.support.DirtiesContextTestExecutionListener@2c7ac998, org.springframework.test.context.transaction.TransactionalTestExecutionListener@7f6936cc, org.springframework.test.context.jdbc.SqlScriptsTestExecutionListener@56bf6f1e, org.springframework.test.context.event.EventPublishingTestExecutionListener@4ac26092, org.springframework.boot.test.autoconfigure.restdocs.RestDocsTestExecutionListener@308e465b, org.springframework.boot.test.autoconfigure.web.client.MockRestServiceServerResetTestExecutionListener@6e7d9d0, org.springframework.boot.test.autoconfigure.web.servlet.MockMvcPrintOnlyOnFailureTestExecutionListener@2b0d818d, org.springframework.boot.test.autoconfigure.web.servlet.WebDriverTestExecutionListener@7212b28e, org.springframework.boot.test.autoconfigure.webservices.client.MockWebServiceServerTestExecutionListener@306c8e09, org.springframework.boot.test.mock.mockito.ResetMocksTestExecutionListener@87df88d]
]]></system-out>
  <system-err><![CDATA[]]></system-err>
</testsuite>
