<?xml version="1.0" encoding="UTF-8"?>
<testsuite name="com.crud.tasks.controller.TrelloControllerTest" tests="3" skipped="0" failures="0" errors="0" timestamp="2024-07-28T13:02:45" hostname="GRUBI" time="0.106">
  <properties/>
  <testcase name="shouldFetchTrelloBoards()" classname="com.crud.tasks.controller.TrelloControllerTest" time="0.042"/>
  <testcase name="shouldFetchEmptyTrelloBoards()" classname="com.crud.tasks.controller.TrelloControllerTest" time="0.016"/>
  <testcase name="shouldCreateTrelloCard()" classname="com.crud.tasks.controller.TrelloControllerTest" time="0.035"/>
  <system-out><![CDATA[2024-07-28 15:02:42.121  INFO 5752 --- [    Test worker] o.s.t.c.support.AbstractContextLoader    : Could not detect default resource locations for test class [com.crud.tasks.controller.TrelloControllerTest]: no resource found for suffixes {-context.xml, Context.groovy}.
2024-07-28 15:02:42.121  INFO 5752 --- [    Test worker] t.c.s.AnnotationConfigContextLoaderUtils : Could not detect default configuration classes for test class [com.crud.tasks.controller.TrelloControllerTest]: TrelloControllerTest does not declare any static, non-private, non-final, nested classes annotated with @Configuration.
2024-07-28 15:02:42.136  INFO 5752 --- [    Test worker] .b.t.c.SpringBootTestContextBootstrapper : Found @SpringBootConfiguration com.crud.tasks.TasksApplication for test class com.crud.tasks.controller.TrelloControllerTest
2024-07-28 15:02:42.152  INFO 5752 --- [    Test worker] .b.t.a.w.s.WebMvcTestContextBootstrapper : Loaded default TestExecutionListener class names from location [META-INF/spring.factories]: [org.springframework.boot.test.autoconfigure.restdocs.RestDocsTestExecutionListener, org.springframework.boot.test.autoconfigure.web.client.MockRestServiceServerResetTestExecutionListener, org.springframework.boot.test.autoconfigure.web.servlet.MockMvcPrintOnlyOnFailureTestExecutionListener, org.springframework.boot.test.autoconfigure.web.servlet.WebDriverTestExecutionListener, org.springframework.boot.test.autoconfigure.webservices.client.MockWebServiceServerTestExecutionListener, org.springframework.boot.test.mock.mockito.MockitoTestExecutionListener, org.springframework.boot.test.mock.mockito.ResetMocksTestExecutionListener, org.springframework.test.context.web.ServletTestExecutionListener, org.springframework.test.context.support.DirtiesContextBeforeModesTestExecutionListener, org.springframework.test.context.event.ApplicationEventsTestExecutionListener, org.springframework.test.context.support.DependencyInjectionTestExecutionListener, org.springframework.test.context.support.DirtiesContextTestExecutionListener, org.springframework.test.context.transaction.TransactionalTestExecutionListener, org.springframework.test.context.jdbc.SqlScriptsTestExecutionListener, org.springframework.test.context.event.EventPublishingTestExecutionListener]
2024-07-28 15:02:42.152  INFO 5752 --- [    Test worker] .b.t.a.w.s.WebMvcTestContextBootstrapper : Using TestExecutionListeners: [org.springframework.test.context.web.ServletTestExecutionListener@38911759, org.springframework.test.context.support.DirtiesContextBeforeModesTestExecutionListener@2b8106f, org.springframework.test.context.event.ApplicationEventsTestExecutionListener@4b391e45, org.springframework.boot.test.mock.mockito.MockitoTestExecutionListener@647bd553, org.springframework.boot.test.autoconfigure.SpringBootDependencyInjectionTestExecutionListener@54602d5a, org.springframework.test.context.support.DirtiesContextTestExecutionListener@161974d1, org.springframework.test.context.transaction.TransactionalTestExecutionListener@15d18b61, org.springframework.test.context.jdbc.SqlScriptsTestExecutionListener@2fba15c5, org.springframework.test.context.event.EventPublishingTestExecutionListener@7ae5f795, org.springframework.boot.test.autoconfigure.restdocs.RestDocsTestExecutionListener@2787abe4, org.springframework.boot.test.autoconfigure.web.client.MockRestServiceServerResetTestExecutionListener@3e94a6f6, org.springframework.boot.test.autoconfigure.web.servlet.MockMvcPrintOnlyOnFailureTestExecutionListener@41ff98dc, org.springframework.boot.test.autoconfigure.web.servlet.WebDriverTestExecutionListener@14738629, org.springframework.boot.test.autoconfigure.webservices.client.MockWebServiceServerTestExecutionListener@eb1d7c8, org.springframework.boot.test.mock.mockito.ResetMocksTestExecutionListener@150963fe]

  .   ____          _            __ _ _
 /\\ / ___'_ __ _ _(_)_ __  __ _ \ \ \ \
( ( )\___ | '_ | '_| | '_ \/ _` | \ \ \ \
 \\/  ___)| |_)| | | | | || (_| |  ) ) ) )
  '  |____| .__|_| |_|_| |_\__, | / / / /
 =========|_|==============|___/=/_/_/_/
 :: Spring Boot ::                (v2.7.0)

2024-07-28 15:02:42.246  INFO 5752 --- [    Test worker] c.c.t.controller.TrelloControllerTest    : Starting TrelloControllerTest using Java 17.0.12 on Grubi with PID 5752 (started by menea in C:\Users\menea\IdeaProjects\task-app)
2024-07-28 15:02:42.246  INFO 5752 --- [    Test worker] c.c.t.controller.TrelloControllerTest    : No active profile set, falling back to 1 default profile: "default"
2024-07-28 15:02:45.931  INFO 5752 --- [    Test worker] o.s.b.t.m.w.SpringBootMockServletContext : Initializing Spring TestDispatcherServlet ''
2024-07-28 15:02:45.932  INFO 5752 --- [    Test worker] o.s.t.web.servlet.TestDispatcherServlet  : Initializing Servlet ''
2024-07-28 15:02:45.933  INFO 5752 --- [    Test worker] o.s.t.web.servlet.TestDispatcherServlet  : Completed initialization in 1 ms
2024-07-28 15:02:45.970  INFO 5752 --- [    Test worker] c.c.t.controller.TrelloControllerTest    : Started TrelloControllerTest in 3.815 seconds (JVM running for 38.873)
]]></system-out>
  <system-err><![CDATA[]]></system-err>
</testsuite>
