<?xml version="1.0" encoding="UTF-8"?>
<testsuite name="com.crud.tasks.mapper.TrelloMapperTest$NestedCardsMappingTests" tests="2" skipped="0" failures="0" errors="0" timestamp="2024-07-26T13:44:38" hostname="GRUBI" time="0.04">
  <properties/>
  <testcase name="shouldMapToCard()" classname="com.crud.tasks.mapper.TrelloMapperTest$NestedCardsMappingTests" time="0.017"/>
  <testcase name="shouldMapToCardDto()" classname="com.crud.tasks.mapper.TrelloMapperTest$NestedCardsMappingTests" time="0.013"/>
  <system-out><![CDATA[2024-07-26 15:44:38.128  INFO 16772 --- [    Test worker] .b.t.c.SpringBootTestContextBootstrapper : Neither @ContextConfiguration nor @ContextHierarchy found for test class [com.crud.tasks.mapper.TrelloMapperTest$NestedCardsMappingTests], using SpringBootContextLoader
2024-07-26 15:44:38.143  INFO 16772 --- [    Test worker] o.s.t.c.support.AbstractContextLoader    : Could not detect default resource locations for test class [com.crud.tasks.mapper.TrelloMapperTest$NestedCardsMappingTests]: no resource found for suffixes {-context.xml, Context.groovy}.
2024-07-26 15:44:38.143  INFO 16772 --- [    Test worker] t.c.s.AnnotationConfigContextLoaderUtils : Could not detect default configuration classes for test class [com.crud.tasks.mapper.TrelloMapperTest$NestedCardsMappingTests]: NestedCardsMappingTests does not declare any static, non-private, non-final, nested classes annotated with @Configuration.
2024-07-26 15:44:38.143  INFO 16772 --- [    Test worker] .b.t.c.SpringBootTestContextBootstrapper : Found @SpringBootConfiguration com.crud.tasks.TasksApplication for test class com.crud.tasks.mapper.TrelloMapperTest$NestedCardsMappingTests
2024-07-26 15:44:38.143  INFO 16772 --- [    Test worker] .b.t.c.SpringBootTestContextBootstrapper : Loaded default TestExecutionListener class names from location [META-INF/spring.factories]: [org.springframework.boot.test.autoconfigure.restdocs.RestDocsTestExecutionListener, org.springframework.boot.test.autoconfigure.web.client.MockRestServiceServerResetTestExecutionListener, org.springframework.boot.test.autoconfigure.web.servlet.MockMvcPrintOnlyOnFailureTestExecutionListener, org.springframework.boot.test.autoconfigure.web.servlet.WebDriverTestExecutionListener, org.springframework.boot.test.autoconfigure.webservices.client.MockWebServiceServerTestExecutionListener, org.springframework.boot.test.mock.mockito.MockitoTestExecutionListener, org.springframework.boot.test.mock.mockito.ResetMocksTestExecutionListener, org.springframework.test.context.web.ServletTestExecutionListener, org.springframework.test.context.support.DirtiesContextBeforeModesTestExecutionListener, org.springframework.test.context.event.ApplicationEventsTestExecutionListener, org.springframework.test.context.support.DependencyInjectionTestExecutionListener, org.springframework.test.context.support.DirtiesContextTestExecutionListener, org.springframework.test.context.transaction.TransactionalTestExecutionListener, org.springframework.test.context.jdbc.SqlScriptsTestExecutionListener, org.springframework.test.context.event.EventPublishingTestExecutionListener]
2024-07-26 15:44:38.160  INFO 16772 --- [    Test worker] .b.t.c.SpringBootTestContextBootstrapper : Using TestExecutionListeners: [org.springframework.test.context.web.ServletTestExecutionListener@4598961d, org.springframework.test.context.support.DirtiesContextBeforeModesTestExecutionListener@7be85f15, org.springframework.test.context.event.ApplicationEventsTestExecutionListener@48619f15, org.springframework.boot.test.mock.mockito.MockitoTestExecutionListener@790ea58f, org.springframework.boot.test.autoconfigure.SpringBootDependencyInjectionTestExecutionListener@78a7fccd, org.springframework.test.context.support.DirtiesContextTestExecutionListener@410e043b, org.springframework.test.context.transaction.TransactionalTestExecutionListener@5d3a238, org.springframework.test.context.jdbc.SqlScriptsTestExecutionListener@9fd5dd0, org.springframework.test.context.event.EventPublishingTestExecutionListener@4e7b89b6, org.springframework.boot.test.autoconfigure.restdocs.RestDocsTestExecutionListener@7f65639e, org.springframework.boot.test.autoconfigure.web.client.MockRestServiceServerResetTestExecutionListener@673fdc28, org.springframework.boot.test.autoconfigure.web.servlet.MockMvcPrintOnlyOnFailureTestExecutionListener@4cf1ec2, org.springframework.boot.test.autoconfigure.web.servlet.WebDriverTestExecutionListener@16eb01d4, org.springframework.boot.test.autoconfigure.webservices.client.MockWebServiceServerTestExecutionListener@4246f904, org.springframework.boot.test.mock.mockito.ResetMocksTestExecutionListener@5b01b3f8]
]]></system-out>
  <system-err><![CDATA[]]></system-err>
</testsuite>
