<?xml version="1.0" encoding="UTF-8"?>
<testsuite name="com.crud.tasks.mapper.TrelloMapperTest$NestedBoardsMappingTest" tests="2" skipped="0" failures="0" errors="0" timestamp="2024-07-26T13:44:38" hostname="GRUBI" time="0.031">
  <properties/>
  <testcase name="shouldMapToBoardsDto()" classname="com.crud.tasks.mapper.TrelloMapperTest$NestedBoardsMappingTest" time="0.009"/>
  <testcase name="shouldMapToBoards()" classname="com.crud.tasks.mapper.TrelloMapperTest$NestedBoardsMappingTest" time="0.01"/>
  <system-out><![CDATA[2024-07-26 15:44:38.227  INFO 16772 --- [    Test worker] .b.t.c.SpringBootTestContextBootstrapper : Neither @ContextConfiguration nor @ContextHierarchy found for test class [com.crud.tasks.mapper.TrelloMapperTest$NestedBoardsMappingTest], using SpringBootContextLoader
2024-07-26 15:44:38.227  INFO 16772 --- [    Test worker] o.s.t.c.support.AbstractContextLoader    : Could not detect default resource locations for test class [com.crud.tasks.mapper.TrelloMapperTest$NestedBoardsMappingTest]: no resource found for suffixes {-context.xml, Context.groovy}.
2024-07-26 15:44:38.227  INFO 16772 --- [    Test worker] t.c.s.AnnotationConfigContextLoaderUtils : Could not detect default configuration classes for test class [com.crud.tasks.mapper.TrelloMapperTest$NestedBoardsMappingTest]: NestedBoardsMappingTest does not declare any static, non-private, non-final, nested classes annotated with @Configuration.
2024-07-26 15:44:38.227  INFO 16772 --- [    Test worker] .b.t.c.SpringBootTestContextBootstrapper : Found @SpringBootConfiguration com.crud.tasks.TasksApplication for test class com.crud.tasks.mapper.TrelloMapperTest$NestedBoardsMappingTest
2024-07-26 15:44:38.260  INFO 16772 --- [    Test worker] .b.t.c.SpringBootTestContextBootstrapper : Loaded default TestExecutionListener class names from location [META-INF/spring.factories]: [org.springframework.boot.test.autoconfigure.restdocs.RestDocsTestExecutionListener, org.springframework.boot.test.autoconfigure.web.client.MockRestServiceServerResetTestExecutionListener, org.springframework.boot.test.autoconfigure.web.servlet.MockMvcPrintOnlyOnFailureTestExecutionListener, org.springframework.boot.test.autoconfigure.web.servlet.WebDriverTestExecutionListener, org.springframework.boot.test.autoconfigure.webservices.client.MockWebServiceServerTestExecutionListener, org.springframework.boot.test.mock.mockito.MockitoTestExecutionListener, org.springframework.boot.test.mock.mockito.ResetMocksTestExecutionListener, org.springframework.test.context.web.ServletTestExecutionListener, org.springframework.test.context.support.DirtiesContextBeforeModesTestExecutionListener, org.springframework.test.context.event.ApplicationEventsTestExecutionListener, org.springframework.test.context.support.DependencyInjectionTestExecutionListener, org.springframework.test.context.support.DirtiesContextTestExecutionListener, org.springframework.test.context.transaction.TransactionalTestExecutionListener, org.springframework.test.context.jdbc.SqlScriptsTestExecutionListener, org.springframework.test.context.event.EventPublishingTestExecutionListener]
2024-07-26 15:44:38.260  INFO 16772 --- [    Test worker] .b.t.c.SpringBootTestContextBootstrapper : Using TestExecutionListeners: [org.springframework.test.context.web.ServletTestExecutionListener@5ee76cf2, org.springframework.test.context.support.DirtiesContextBeforeModesTestExecutionListener@6662974a, org.springframework.test.context.event.ApplicationEventsTestExecutionListener@4fce655d, org.springframework.boot.test.mock.mockito.MockitoTestExecutionListener@df5f657, org.springframework.boot.test.autoconfigure.SpringBootDependencyInjectionTestExecutionListener@68908be7, org.springframework.test.context.support.DirtiesContextTestExecutionListener@1aba8978, org.springframework.test.context.transaction.TransactionalTestExecutionListener@2662e3ff, org.springframework.test.context.jdbc.SqlScriptsTestExecutionListener@487ee2a, org.springframework.test.context.event.EventPublishingTestExecutionListener@682482ee, org.springframework.boot.test.autoconfigure.restdocs.RestDocsTestExecutionListener@261b27db, org.springframework.boot.test.autoconfigure.web.client.MockRestServiceServerResetTestExecutionListener@175745fc, org.springframework.boot.test.autoconfigure.web.servlet.MockMvcPrintOnlyOnFailureTestExecutionListener@2c1a0f82, org.springframework.boot.test.autoconfigure.web.servlet.WebDriverTestExecutionListener@60e5db1d, org.springframework.boot.test.autoconfigure.webservices.client.MockWebServiceServerTestExecutionListener@1f3f0d25, org.springframework.boot.test.mock.mockito.ResetMocksTestExecutionListener@32eac39b]
]]></system-out>
  <system-err><![CDATA[]]></system-err>
</testsuite>
