<?xml version="1.0" encoding="UTF-8"?>
<testsuite name="com.crud.tasks.mapper.TrelloMapperTest" tests="2" skipped="0" failures="0" errors="0" timestamp="2024-07-28T13:02:46" hostname="GRUBI" time="0.051">
  <properties/>
  <testcase name="shouldMapToList()" classname="com.crud.tasks.mapper.TrelloMapperTest" time="0.013"/>
  <testcase name="shouldMapToListDto()" classname="com.crud.tasks.mapper.TrelloMapperTest" time="0.016"/>
  <system-out><![CDATA[2024-07-28 15:02:46.279  INFO 5752 --- [    Test worker] .b.t.c.SpringBootTestContextBootstrapper : Neither @ContextConfiguration nor @ContextHierarchy found for test class [com.crud.tasks.mapper.TrelloMapperTest], using SpringBootContextLoader
2024-07-28 15:02:46.283  INFO 5752 --- [    Test worker] o.s.t.c.support.AbstractContextLoader    : Could not detect default resource locations for test class [com.crud.tasks.mapper.TrelloMapperTest]: no resource found for suffixes {-context.xml, Context.groovy}.
2024-07-28 15:02:46.284  INFO 5752 --- [    Test worker] t.c.s.AnnotationConfigContextLoaderUtils : Could not detect default configuration classes for test class [com.crud.tasks.mapper.TrelloMapperTest]: TrelloMapperTest does not declare any static, non-private, non-final, nested classes annotated with @Configuration.
2024-07-28 15:02:46.288  INFO 5752 --- [    Test worker] .b.t.c.SpringBootTestContextBootstrapper : Found @SpringBootConfiguration com.crud.tasks.TasksApplication for test class com.crud.tasks.mapper.TrelloMapperTest
2024-07-28 15:02:46.295  INFO 5752 --- [    Test worker] .b.t.c.SpringBootTestContextBootstrapper : Loaded default TestExecutionListener class names from location [META-INF/spring.factories]: [org.springframework.boot.test.autoconfigure.restdocs.RestDocsTestExecutionListener, org.springframework.boot.test.autoconfigure.web.client.MockRestServiceServerResetTestExecutionListener, org.springframework.boot.test.autoconfigure.web.servlet.MockMvcPrintOnlyOnFailureTestExecutionListener, org.springframework.boot.test.autoconfigure.web.servlet.WebDriverTestExecutionListener, org.springframework.boot.test.autoconfigure.webservices.client.MockWebServiceServerTestExecutionListener, org.springframework.boot.test.mock.mockito.MockitoTestExecutionListener, org.springframework.boot.test.mock.mockito.ResetMocksTestExecutionListener, org.springframework.test.context.web.ServletTestExecutionListener, org.springframework.test.context.support.DirtiesContextBeforeModesTestExecutionListener, org.springframework.test.context.event.ApplicationEventsTestExecutionListener, org.springframework.test.context.support.DependencyInjectionTestExecutionListener, org.springframework.test.context.support.DirtiesContextTestExecutionListener, org.springframework.test.context.transaction.TransactionalTestExecutionListener, org.springframework.test.context.jdbc.SqlScriptsTestExecutionListener, org.springframework.test.context.event.EventPublishingTestExecutionListener]
2024-07-28 15:02:46.296  INFO 5752 --- [    Test worker] .b.t.c.SpringBootTestContextBootstrapper : Using TestExecutionListeners: [org.springframework.test.context.web.ServletTestExecutionListener@693676d, org.springframework.test.context.support.DirtiesContextBeforeModesTestExecutionListener@2a0a178f, org.springframework.test.context.event.ApplicationEventsTestExecutionListener@55a7f0af, org.springframework.boot.test.mock.mockito.MockitoTestExecutionListener@12db2921, org.springframework.boot.test.autoconfigure.SpringBootDependencyInjectionTestExecutionListener@f6e9c18, org.springframework.test.context.support.DirtiesContextTestExecutionListener@75225415, org.springframework.test.context.transaction.TransactionalTestExecutionListener@1f6af096, org.springframework.test.context.jdbc.SqlScriptsTestExecutionListener@54b3407b, org.springframework.test.context.event.EventPublishingTestExecutionListener@2fc698a9, org.springframework.boot.test.autoconfigure.restdocs.RestDocsTestExecutionListener@4823f3b8, org.springframework.boot.test.autoconfigure.web.client.MockRestServiceServerResetTestExecutionListener@85446a, org.springframework.boot.test.autoconfigure.web.servlet.MockMvcPrintOnlyOnFailureTestExecutionListener@4efb7c99, org.springframework.boot.test.autoconfigure.web.servlet.WebDriverTestExecutionListener@5563a63f, org.springframework.boot.test.autoconfigure.webservices.client.MockWebServiceServerTestExecutionListener@20a3118, org.springframework.boot.test.mock.mockito.ResetMocksTestExecutionListener@28068327]
]]></system-out>
  <system-err><![CDATA[]]></system-err>
</testsuite>
