<?xml version="1.0" encoding="UTF-8"?>
<testsuite name="com.crud.tasks.service.DBServiceTest" tests="3" skipped="0" failures="0" errors="0" timestamp="2024-07-26T13:44:38" hostname="GRUBI" time="0.344">
  <properties/>
  <testcase name="shouldThrowTaskNotFoundException()" classname="com.crud.tasks.service.DBServiceTest" time="0.335"/>
  <testcase name="shouldFetchSavedTask()" classname="com.crud.tasks.service.DBServiceTest" time="0.002"/>
  <testcase name="shouldFetchEmptyList()" classname="com.crud.tasks.service.DBServiceTest" time="0.003"/>
  <system-out><![CDATA[]]></system-out>
  <system-err><![CDATA[]]></system-err>
</testsuite>
