<?xml version="1.0" encoding="UTF-8"?>
<testsuite name="com.crud.tasks.mapper.TrelloMapperTest$NestedCardsMappingTests" tests="2" skipped="0" failures="0" errors="0" timestamp="2024-07-28T13:02:46" hostname="GRUBI" time="0.048">
  <properties/>
  <testcase name="shouldMapToCard()" classname="com.crud.tasks.mapper.TrelloMapperTest$NestedCardsMappingTests" time="0.021"/>
  <testcase name="shouldMapToCardDto()" classname="com.crud.tasks.mapper.TrelloMapperTest$NestedCardsMappingTests" time="0.02"/>
  <system-out><![CDATA[2024-07-28 15:02:46.366  INFO 5752 --- [    Test worker] .b.t.c.SpringBootTestContextBootstrapper : Neither @ContextConfiguration nor @ContextHierarchy found for test class [com.crud.tasks.mapper.TrelloMapperTest$NestedCardsMappingTests], using SpringBootContextLoader
2024-07-28 15:02:46.366  INFO 5752 --- [    Test worker] o.s.t.c.support.AbstractContextLoader    : Could not detect default resource locations for test class [com.crud.tasks.mapper.TrelloMapperTest$NestedCardsMappingTests]: no resource found for suffixes {-context.xml, Context.groovy}.
2024-07-28 15:02:46.366  INFO 5752 --- [    Test worker] t.c.s.AnnotationConfigContextLoaderUtils : Could not detect default configuration classes for test class [com.crud.tasks.mapper.TrelloMapperTest$NestedCardsMappingTests]: NestedCardsMappingTests does not declare any static, non-private, non-final, nested classes annotated with @Configuration.
2024-07-28 15:02:46.366  INFO 5752 --- [    Test worker] .b.t.c.SpringBootTestContextBootstrapper : Found @SpringBootConfiguration com.crud.tasks.TasksApplication for test class com.crud.tasks.mapper.TrelloMapperTest$NestedCardsMappingTests
2024-07-28 15:02:46.382  INFO 5752 --- [    Test worker] .b.t.c.SpringBootTestContextBootstrapper : Loaded default TestExecutionListener class names from location [META-INF/spring.factories]: [org.springframework.boot.test.autoconfigure.restdocs.RestDocsTestExecutionListener, org.springframework.boot.test.autoconfigure.web.client.MockRestServiceServerResetTestExecutionListener, org.springframework.boot.test.autoconfigure.web.servlet.MockMvcPrintOnlyOnFailureTestExecutionListener, org.springframework.boot.test.autoconfigure.web.servlet.WebDriverTestExecutionListener, org.springframework.boot.test.autoconfigure.webservices.client.MockWebServiceServerTestExecutionListener, org.springframework.boot.test.mock.mockito.MockitoTestExecutionListener, org.springframework.boot.test.mock.mockito.ResetMocksTestExecutionListener, org.springframework.test.context.web.ServletTestExecutionListener, org.springframework.test.context.support.DirtiesContextBeforeModesTestExecutionListener, org.springframework.test.context.event.ApplicationEventsTestExecutionListener, org.springframework.test.context.support.DependencyInjectionTestExecutionListener, org.springframework.test.context.support.DirtiesContextTestExecutionListener, org.springframework.test.context.transaction.TransactionalTestExecutionListener, org.springframework.test.context.jdbc.SqlScriptsTestExecutionListener, org.springframework.test.context.event.EventPublishingTestExecutionListener]
2024-07-28 15:02:46.382  INFO 5752 --- [    Test worker] .b.t.c.SpringBootTestContextBootstrapper : Using TestExecutionListeners: [org.springframework.test.context.web.ServletTestExecutionListener@3d5a6849, org.springframework.test.context.support.DirtiesContextBeforeModesTestExecutionListener@4228a2f6, org.springframework.test.context.event.ApplicationEventsTestExecutionListener@5e91b051, org.springframework.boot.test.mock.mockito.MockitoTestExecutionListener@19c145d2, org.springframework.boot.test.autoconfigure.SpringBootDependencyInjectionTestExecutionListener@77376e83, org.springframework.test.context.support.DirtiesContextTestExecutionListener@708f4d81, org.springframework.test.context.transaction.TransactionalTestExecutionListener@23cf78f9, org.springframework.test.context.jdbc.SqlScriptsTestExecutionListener@30b35687, org.springframework.test.context.event.EventPublishingTestExecutionListener@7c3c6564, org.springframework.boot.test.autoconfigure.restdocs.RestDocsTestExecutionListener@7655dc27, org.springframework.boot.test.autoconfigure.web.client.MockRestServiceServerResetTestExecutionListener@2e856aa4, org.springframework.boot.test.autoconfigure.web.servlet.MockMvcPrintOnlyOnFailureTestExecutionListener@428169d, org.springframework.boot.test.autoconfigure.web.servlet.WebDriverTestExecutionListener@1b204439, org.springframework.boot.test.autoconfigure.webservices.client.MockWebServiceServerTestExecutionListener@434c179e, org.springframework.boot.test.mock.mockito.ResetMocksTestExecutionListener@46199519]
]]></system-out>
  <system-err><![CDATA[]]></system-err>
</testsuite>
