<?xml version="1.0" encoding="UTF-8"?>
<testsuite name="com.crud.tasks.trello.config.TrelloConfigTest" tests="1" skipped="0" failures="0" errors="0" timestamp="2024-07-28T13:02:47" hostname="GRUBI" time="0.02">
  <properties/>
  <testcase name="shouldReturnConfigurationSettings()" classname="com.crud.tasks.trello.config.TrelloConfigTest" time="0.02"/>
  <system-out><![CDATA[2024-07-28 15:02:47.790  INFO 5752 --- [    Test worker] .b.t.c.SpringBootTestContextBootstrapper : Neither @ContextConfiguration nor @ContextHierarchy found for test class [com.crud.tasks.trello.config.TrelloConfigTest], using SpringBootContextLoader
2024-07-28 15:02:47.790  INFO 5752 --- [    Test worker] o.s.t.c.support.AbstractContextLoader    : Could not detect default resource locations for test class [com.crud.tasks.trello.config.TrelloConfigTest]: no resource found for suffixes {-context.xml, Context.groovy}.
2024-07-28 15:02:47.790  INFO 5752 --- [    Test worker] t.c.s.AnnotationConfigContextLoaderUtils : Could not detect default configuration classes for test class [com.crud.tasks.trello.config.TrelloConfigTest]: TrelloConfigTest does not declare any static, non-private, non-final, nested classes annotated with @Configuration.
2024-07-28 15:02:47.823  INFO 5752 --- [    Test worker] .b.t.c.SpringBootTestContextBootstrapper : Found @SpringBootConfiguration com.crud.tasks.TasksApplication for test class com.crud.tasks.trello.config.TrelloConfigTest
2024-07-28 15:02:47.828  INFO 5752 --- [    Test worker] .b.t.c.SpringBootTestContextBootstrapper : Loaded default TestExecutionListener class names from location [META-INF/spring.factories]: [org.springframework.boot.test.autoconfigure.restdocs.RestDocsTestExecutionListener, org.springframework.boot.test.autoconfigure.web.client.MockRestServiceServerResetTestExecutionListener, org.springframework.boot.test.autoconfigure.web.servlet.MockMvcPrintOnlyOnFailureTestExecutionListener, org.springframework.boot.test.autoconfigure.web.servlet.WebDriverTestExecutionListener, org.springframework.boot.test.autoconfigure.webservices.client.MockWebServiceServerTestExecutionListener, org.springframework.boot.test.mock.mockito.MockitoTestExecutionListener, org.springframework.boot.test.mock.mockito.ResetMocksTestExecutionListener, org.springframework.test.context.web.ServletTestExecutionListener, org.springframework.test.context.support.DirtiesContextBeforeModesTestExecutionListener, org.springframework.test.context.event.ApplicationEventsTestExecutionListener, org.springframework.test.context.support.DependencyInjectionTestExecutionListener, org.springframework.test.context.support.DirtiesContextTestExecutionListener, org.springframework.test.context.transaction.TransactionalTestExecutionListener, org.springframework.test.context.jdbc.SqlScriptsTestExecutionListener, org.springframework.test.context.event.EventPublishingTestExecutionListener]
2024-07-28 15:02:47.828  INFO 5752 --- [    Test worker] .b.t.c.SpringBootTestContextBootstrapper : Using TestExecutionListeners: [org.springframework.test.context.web.ServletTestExecutionListener@6abdead7, org.springframework.test.context.support.DirtiesContextBeforeModesTestExecutionListener@412b90cc, org.springframework.test.context.event.ApplicationEventsTestExecutionListener@6232cde5, org.springframework.boot.test.mock.mockito.MockitoTestExecutionListener@4b75d640, org.springframework.boot.test.autoconfigure.SpringBootDependencyInjectionTestExecutionListener@4e9b66ab, org.springframework.test.context.support.DirtiesContextTestExecutionListener@532b3244, org.springframework.test.context.transaction.TransactionalTestExecutionListener@27828021, org.springframework.test.context.jdbc.SqlScriptsTestExecutionListener@42a08547, org.springframework.test.context.event.EventPublishingTestExecutionListener@579b1d86, org.springframework.boot.test.autoconfigure.restdocs.RestDocsTestExecutionListener@5d28ac23, org.springframework.boot.test.autoconfigure.web.client.MockRestServiceServerResetTestExecutionListener@6e18bc2f, org.springframework.boot.test.autoconfigure.web.servlet.MockMvcPrintOnlyOnFailureTestExecutionListener@28d48616, org.springframework.boot.test.autoconfigure.web.servlet.WebDriverTestExecutionListener@27acd9a7, org.springframework.boot.test.autoconfigure.webservices.client.MockWebServiceServerTestExecutionListener@3f7d20c5, org.springframework.boot.test.mock.mockito.ResetMocksTestExecutionListener@142f0ac1]
]]></system-out>
  <system-err><![CDATA[]]></system-err>
</testsuite>
