<?xml version="1.0" encoding="UTF-8"?>
<testsuite name="com.crud.tasks.trello.config.TrelloConfigTest" tests="1" skipped="0" failures="0" errors="0" timestamp="2024-07-26T13:44:39" hostname="GRUBI" time="0.005">
  <properties/>
  <testcase name="shouldReturnConfigurationSettings()" classname="com.crud.tasks.trello.config.TrelloConfigTest" time="0.005"/>
  <system-out><![CDATA[2024-07-26 15:44:39.649  INFO 16772 --- [    Test worker] .b.t.c.SpringBootTestContextBootstrapper : Neither @ContextConfiguration nor @ContextHierarchy found for test class [com.crud.tasks.trello.config.TrelloConfigTest], using SpringBootContextLoader
2024-07-26 15:44:39.649  INFO 16772 --- [    Test worker] o.s.t.c.support.AbstractContextLoader    : Could not detect default resource locations for test class [com.crud.tasks.trello.config.TrelloConfigTest]: no resource found for suffixes {-context.xml, Context.groovy}.
2024-07-26 15:44:39.649  INFO 16772 --- [    Test worker] t.c.s.AnnotationConfigContextLoaderUtils : Could not detect default configuration classes for test class [com.crud.tasks.trello.config.TrelloConfigTest]: TrelloConfigTest does not declare any static, non-private, non-final, nested classes annotated with @Configuration.
2024-07-26 15:44:39.807  INFO 16772 --- [    Test worker] .b.t.c.SpringBootTestContextBootstrapper : Found @SpringBootConfiguration com.crud.tasks.TasksApplication for test class com.crud.tasks.trello.config.TrelloConfigTest
2024-07-26 15:44:39.807  INFO 16772 --- [    Test worker] .b.t.c.SpringBootTestContextBootstrapper : Loaded default TestExecutionListener class names from location [META-INF/spring.factories]: [org.springframework.boot.test.autoconfigure.restdocs.RestDocsTestExecutionListener, org.springframework.boot.test.autoconfigure.web.client.MockRestServiceServerResetTestExecutionListener, org.springframework.boot.test.autoconfigure.web.servlet.MockMvcPrintOnlyOnFailureTestExecutionListener, org.springframework.boot.test.autoconfigure.web.servlet.WebDriverTestExecutionListener, org.springframework.boot.test.autoconfigure.webservices.client.MockWebServiceServerTestExecutionListener, org.springframework.boot.test.mock.mockito.MockitoTestExecutionListener, org.springframework.boot.test.mock.mockito.ResetMocksTestExecutionListener, org.springframework.test.context.web.ServletTestExecutionListener, org.springframework.test.context.support.DirtiesContextBeforeModesTestExecutionListener, org.springframework.test.context.event.ApplicationEventsTestExecutionListener, org.springframework.test.context.support.DependencyInjectionTestExecutionListener, org.springframework.test.context.support.DirtiesContextTestExecutionListener, org.springframework.test.context.transaction.TransactionalTestExecutionListener, org.springframework.test.context.jdbc.SqlScriptsTestExecutionListener, org.springframework.test.context.event.EventPublishingTestExecutionListener]
2024-07-26 15:44:39.807  INFO 16772 --- [    Test worker] .b.t.c.SpringBootTestContextBootstrapper : Using TestExecutionListeners: [org.springframework.test.context.web.ServletTestExecutionListener@509e0253, org.springframework.test.context.support.DirtiesContextBeforeModesTestExecutionListener@6c8f5262, org.springframework.test.context.event.ApplicationEventsTestExecutionListener@6bca6c4c, org.springframework.boot.test.mock.mockito.MockitoTestExecutionListener@7de2c19c, org.springframework.boot.test.autoconfigure.SpringBootDependencyInjectionTestExecutionListener@5dcec8e9, org.springframework.test.context.support.DirtiesContextTestExecutionListener@4bc49d70, org.springframework.test.context.transaction.TransactionalTestExecutionListener@73543048, org.springframework.test.context.jdbc.SqlScriptsTestExecutionListener@1851f19f, org.springframework.test.context.event.EventPublishingTestExecutionListener@33f3ebfc, org.springframework.boot.test.autoconfigure.restdocs.RestDocsTestExecutionListener@5cb3cfef, org.springframework.boot.test.autoconfigure.web.client.MockRestServiceServerResetTestExecutionListener@eb77241, org.springframework.boot.test.autoconfigure.web.servlet.MockMvcPrintOnlyOnFailureTestExecutionListener@197da701, org.springframework.boot.test.autoconfigure.web.servlet.WebDriverTestExecutionListener@35fd03d9, org.springframework.boot.test.autoconfigure.webservices.client.MockWebServiceServerTestExecutionListener@77737e3e, org.springframework.boot.test.mock.mockito.ResetMocksTestExecutionListener@42e32feb]
]]></system-out>
  <system-err><![CDATA[]]></system-err>
</testsuite>
