<?xml version="1.0" encoding="UTF-8"?>
<testsuite name="com.crud.tasks.controller.TaskControllerTest" tests="5" skipped="0" failures="0" errors="0" timestamp="2024-07-28T13:02:40" hostname="GRUBI" time="1.258">
  <properties/>
  <testcase name="shouldUpdateTask()" classname="com.crud.tasks.controller.TaskControllerTest" time="0.84"/>
  <testcase name="shouldFetchTaskById()" classname="com.crud.tasks.controller.TaskControllerTest" time="0.235"/>
  <testcase name="shouldCreateTask()" classname="com.crud.tasks.controller.TaskControllerTest" time="0.055"/>
  <testcase name="shouldFetchListWithTasks()" classname="com.crud.tasks.controller.TaskControllerTest" time="0.062"/>
  <testcase name="shouldDeleteTaskById()" classname="com.crud.tasks.controller.TaskControllerTest" time="0.023"/>
  <system-out><![CDATA[2024-07-28 15:02:36.755  INFO 5752 --- [    Test worker] o.s.t.c.support.AbstractContextLoader    : Could not detect default resource locations for test class [com.crud.tasks.controller.TaskControllerTest]: no resource found for suffixes {-context.xml, Context.groovy}.
2024-07-28 15:02:36.760  INFO 5752 --- [    Test worker] t.c.s.AnnotationConfigContextLoaderUtils : Could not detect default configuration classes for test class [com.crud.tasks.controller.TaskControllerTest]: TaskControllerTest does not declare any static, non-private, non-final, nested classes annotated with @Configuration.
2024-07-28 15:02:36.865  INFO 5752 --- [    Test worker] .b.t.c.SpringBootTestContextBootstrapper : Found @SpringBootConfiguration com.crud.tasks.TasksApplication for test class com.crud.tasks.controller.TaskControllerTest
2024-07-28 15:02:36.870  INFO 5752 --- [    Test worker] .b.t.a.w.s.WebMvcTestContextBootstrapper : Loaded default TestExecutionListener class names from location [META-INF/spring.factories]: [org.springframework.boot.test.autoconfigure.restdocs.RestDocsTestExecutionListener, org.springframework.boot.test.autoconfigure.web.client.MockRestServiceServerResetTestExecutionListener, org.springframework.boot.test.autoconfigure.web.servlet.MockMvcPrintOnlyOnFailureTestExecutionListener, org.springframework.boot.test.autoconfigure.web.servlet.WebDriverTestExecutionListener, org.springframework.boot.test.autoconfigure.webservices.client.MockWebServiceServerTestExecutionListener, org.springframework.boot.test.mock.mockito.MockitoTestExecutionListener, org.springframework.boot.test.mock.mockito.ResetMocksTestExecutionListener, org.springframework.test.context.web.ServletTestExecutionListener, org.springframework.test.context.support.DirtiesContextBeforeModesTestExecutionListener, org.springframework.test.context.event.ApplicationEventsTestExecutionListener, org.springframework.test.context.support.DependencyInjectionTestExecutionListener, org.springframework.test.context.support.DirtiesContextTestExecutionListener, org.springframework.test.context.transaction.TransactionalTestExecutionListener, org.springframework.test.context.jdbc.SqlScriptsTestExecutionListener, org.springframework.test.context.event.EventPublishingTestExecutionListener]
2024-07-28 15:02:36.875  INFO 5752 --- [    Test worker] .b.t.a.w.s.WebMvcTestContextBootstrapper : Using TestExecutionListeners: [org.springframework.test.context.web.ServletTestExecutionListener@6f915016, org.springframework.test.context.support.DirtiesContextBeforeModesTestExecutionListener@533165e7, org.springframework.test.context.event.ApplicationEventsTestExecutionListener@324e62e2, org.springframework.boot.test.mock.mockito.MockitoTestExecutionListener@1018552d, org.springframework.boot.test.autoconfigure.SpringBootDependencyInjectionTestExecutionListener@75eca6d8, org.springframework.test.context.support.DirtiesContextTestExecutionListener@2d2afbdf, org.springframework.test.context.transaction.TransactionalTestExecutionListener@6cb2d5ea, org.springframework.test.context.jdbc.SqlScriptsTestExecutionListener@3ed1446c, org.springframework.test.context.event.EventPublishingTestExecutionListener@2e9bff08, org.springframework.boot.test.autoconfigure.restdocs.RestDocsTestExecutionListener@54151d07, org.springframework.boot.test.autoconfigure.web.client.MockRestServiceServerResetTestExecutionListener@2e729fea, org.springframework.boot.test.autoconfigure.web.servlet.MockMvcPrintOnlyOnFailureTestExecutionListener@1a345c6c, org.springframework.boot.test.autoconfigure.web.servlet.WebDriverTestExecutionListener@6b26839d, org.springframework.boot.test.autoconfigure.webservices.client.MockWebServiceServerTestExecutionListener@17a756db, org.springframework.boot.test.mock.mockito.ResetMocksTestExecutionListener@2d10160a]

  .   ____          _            __ _ _
 /\\ / ___'_ __ _ _(_)_ __  __ _ \ \ \ \
( ( )\___ | '_ | '_| | '_ \/ _` | \ \ \ \
 \\/  ___)| |_)| | | | | || (_| |  ) ) ) )
  '  |____| .__|_| |_|_| |_\__, | / / / /
 =========|_|==============|___/=/_/_/_/
 :: Spring Boot ::                (v2.7.0)

2024-07-28 15:02:36.994  INFO 5752 --- [    Test worker] c.c.tasks.controller.TaskControllerTest  : Starting TaskControllerTest using Java 17.0.12 on Grubi with PID 5752 (started by menea in C:\Users\menea\IdeaProjects\task-app)
2024-07-28 15:02:36.994  INFO 5752 --- [    Test worker] c.c.tasks.controller.TaskControllerTest  : No active profile set, falling back to 1 default profile: "default"
2024-07-28 15:02:40.759  INFO 5752 --- [    Test worker] o.s.b.t.m.w.SpringBootMockServletContext : Initializing Spring TestDispatcherServlet ''
2024-07-28 15:02:40.759  INFO 5752 --- [    Test worker] o.s.t.web.servlet.TestDispatcherServlet  : Initializing Servlet ''
2024-07-28 15:02:40.775  INFO 5752 --- [    Test worker] o.s.t.web.servlet.TestDispatcherServlet  : Completed initialization in 16 ms
2024-07-28 15:02:40.806  INFO 5752 --- [    Test worker] c.c.tasks.controller.TaskControllerTest  : Started TaskControllerTest in 3.935 seconds (JVM running for 33.716)
]]></system-out>
  <system-err><![CDATA[]]></system-err>
</testsuite>
