<?xml version="1.0" encoding="UTF-8"?>
<testsuite name="com.crud.tasks.mapper.TaskMapperTest" tests="3" skipped="0" failures="0" errors="0" timestamp="2024-07-28T13:02:46" hostname="GRUBI" time="0.093">
  <properties/>
  <testcase name="shouldMapToTaskDto()" classname="com.crud.tasks.mapper.TaskMapperTest" time="0.043"/>
  <testcase name="shouldMapToTask()" classname="com.crud.tasks.mapper.TaskMapperTest" time="0.018"/>
  <testcase name="shouldFetchMappedList()" classname="com.crud.tasks.mapper.TaskMapperTest" time="0.014"/>
  <system-out><![CDATA[2024-07-28 15:02:46.106  INFO 5752 --- [    Test worker] .b.t.c.SpringBootTestContextBootstrapper : Neither @ContextConfiguration nor @ContextHierarchy found for test class [com.crud.tasks.mapper.TaskMapperTest], using SpringBootContextLoader
2024-07-28 15:02:46.106  INFO 5752 --- [    Test worker] o.s.t.c.support.AbstractContextLoader    : Could not detect default resource locations for test class [com.crud.tasks.mapper.TaskMapperTest]: no resource found for suffixes {-context.xml, Context.groovy}.
2024-07-28 15:02:46.106  INFO 5752 --- [    Test worker] t.c.s.AnnotationConfigContextLoaderUtils : Could not detect default configuration classes for test class [com.crud.tasks.mapper.TaskMapperTest]: TaskMapperTest does not declare any static, non-private, non-final, nested classes annotated with @Configuration.
2024-07-28 15:02:46.121  INFO 5752 --- [    Test worker] .b.t.c.SpringBootTestContextBootstrapper : Found @SpringBootConfiguration com.crud.tasks.TasksApplication for test class com.crud.tasks.mapper.TaskMapperTest
2024-07-28 15:02:46.153  INFO 5752 --- [    Test worker] .b.t.c.SpringBootTestContextBootstrapper : Loaded default TestExecutionListener class names from location [META-INF/spring.factories]: [org.springframework.boot.test.autoconfigure.restdocs.RestDocsTestExecutionListener, org.springframework.boot.test.autoconfigure.web.client.MockRestServiceServerResetTestExecutionListener, org.springframework.boot.test.autoconfigure.web.servlet.MockMvcPrintOnlyOnFailureTestExecutionListener, org.springframework.boot.test.autoconfigure.web.servlet.WebDriverTestExecutionListener, org.springframework.boot.test.autoconfigure.webservices.client.MockWebServiceServerTestExecutionListener, org.springframework.boot.test.mock.mockito.MockitoTestExecutionListener, org.springframework.boot.test.mock.mockito.ResetMocksTestExecutionListener, org.springframework.test.context.web.ServletTestExecutionListener, org.springframework.test.context.support.DirtiesContextBeforeModesTestExecutionListener, org.springframework.test.context.event.ApplicationEventsTestExecutionListener, org.springframework.test.context.support.DependencyInjectionTestExecutionListener, org.springframework.test.context.support.DirtiesContextTestExecutionListener, org.springframework.test.context.transaction.TransactionalTestExecutionListener, org.springframework.test.context.jdbc.SqlScriptsTestExecutionListener, org.springframework.test.context.event.EventPublishingTestExecutionListener]
2024-07-28 15:02:46.153  INFO 5752 --- [    Test worker] .b.t.c.SpringBootTestContextBootstrapper : Using TestExecutionListeners: [org.springframework.test.context.web.ServletTestExecutionListener@18482805, org.springframework.test.context.support.DirtiesContextBeforeModesTestExecutionListener@84180e2, org.springframework.test.context.event.ApplicationEventsTestExecutionListener@3c3d2a80, org.springframework.boot.test.mock.mockito.MockitoTestExecutionListener@11bac6d7, org.springframework.boot.test.autoconfigure.SpringBootDependencyInjectionTestExecutionListener@48ebcce5, org.springframework.test.context.support.DirtiesContextTestExecutionListener@4c29138a, org.springframework.test.context.transaction.TransactionalTestExecutionListener@199549a5, org.springframework.test.context.jdbc.SqlScriptsTestExecutionListener@5edeb83e, org.springframework.test.context.event.EventPublishingTestExecutionListener@4844cbe4, org.springframework.boot.test.autoconfigure.restdocs.RestDocsTestExecutionListener@4c752425, org.springframework.boot.test.autoconfigure.web.client.MockRestServiceServerResetTestExecutionListener@7f1e946f, org.springframework.boot.test.autoconfigure.web.servlet.MockMvcPrintOnlyOnFailureTestExecutionListener@542adcfa, org.springframework.boot.test.autoconfigure.web.servlet.WebDriverTestExecutionListener@3adf3670, org.springframework.boot.test.autoconfigure.webservices.client.MockWebServiceServerTestExecutionListener@5f6e6902, org.springframework.boot.test.mock.mockito.ResetMocksTestExecutionListener@54d8236c]
]]></system-out>
  <system-err><![CDATA[]]></system-err>
</testsuite>
