<?xml version="1.0" encoding="UTF-8"?>
<testsuite name="com.crud.tasks.mapper.TrelloMapperTest$NestedCardsMappingTests" tests="2" skipped="0" failures="0" errors="0" timestamp="2024-07-26T10:39:05" hostname="GRUBI" time="1.579">
  <properties/>
  <testcase name="shouldMapToCard()" classname="com.crud.tasks.mapper.TrelloMapperTest$NestedCardsMappingTests" time="1.564"/>
  <testcase name="shouldMapToCardDto()" classname="com.crud.tasks.mapper.TrelloMapperTest$NestedCardsMappingTests" time="0.009"/>
  <system-out><![CDATA[]]></system-out>
  <system-err><![CDATA[]]></system-err>
</testsuite>
