<?xml version="1.0" encoding="UTF-8"?>
<testsuite name="com.crud.tasks.mapper.TrelloMapperTest$NestedBoardsMappingTest" tests="2" skipped="0" failures="0" errors="0" timestamp="2024-07-28T13:02:46" hostname="GRUBI" time="0.029">
  <properties/>
  <testcase name="shouldMapToBoardsDto()" classname="com.crud.tasks.mapper.TrelloMapperTest$NestedBoardsMappingTest" time="0.013"/>
  <testcase name="shouldMapToBoards()" classname="com.crud.tasks.mapper.TrelloMapperTest$NestedBoardsMappingTest" time="0.011"/>
  <system-out><![CDATA[2024-07-28 15:02:46.460  INFO 5752 --- [    Test worker] .b.t.c.SpringBootTestContextBootstrapper : Neither @ContextConfiguration nor @ContextHierarchy found for test class [com.crud.tasks.mapper.TrelloMapperTest$NestedBoardsMappingTest], using SpringBootContextLoader
2024-07-28 15:02:46.460  INFO 5752 --- [    Test worker] o.s.t.c.support.AbstractContextLoader    : Could not detect default resource locations for test class [com.crud.tasks.mapper.TrelloMapperTest$NestedBoardsMappingTest]: no resource found for suffixes {-context.xml, Context.groovy}.
2024-07-28 15:02:46.460  INFO 5752 --- [    Test worker] t.c.s.AnnotationConfigContextLoaderUtils : Could not detect default configuration classes for test class [com.crud.tasks.mapper.TrelloMapperTest$NestedBoardsMappingTest]: NestedBoardsMappingTest does not declare any static, non-private, non-final, nested classes annotated with @Configuration.
2024-07-28 15:02:46.460  INFO 5752 --- [    Test worker] .b.t.c.SpringBootTestContextBootstrapper : Found @SpringBootConfiguration com.crud.tasks.TasksApplication for test class com.crud.tasks.mapper.TrelloMapperTest$NestedBoardsMappingTest
2024-07-28 15:02:46.476  INFO 5752 --- [    Test worker] .b.t.c.SpringBootTestContextBootstrapper : Loaded default TestExecutionListener class names from location [META-INF/spring.factories]: [org.springframework.boot.test.autoconfigure.restdocs.RestDocsTestExecutionListener, org.springframework.boot.test.autoconfigure.web.client.MockRestServiceServerResetTestExecutionListener, org.springframework.boot.test.autoconfigure.web.servlet.MockMvcPrintOnlyOnFailureTestExecutionListener, org.springframework.boot.test.autoconfigure.web.servlet.WebDriverTestExecutionListener, org.springframework.boot.test.autoconfigure.webservices.client.MockWebServiceServerTestExecutionListener, org.springframework.boot.test.mock.mockito.MockitoTestExecutionListener, org.springframework.boot.test.mock.mockito.ResetMocksTestExecutionListener, org.springframework.test.context.web.ServletTestExecutionListener, org.springframework.test.context.support.DirtiesContextBeforeModesTestExecutionListener, org.springframework.test.context.event.ApplicationEventsTestExecutionListener, org.springframework.test.context.support.DependencyInjectionTestExecutionListener, org.springframework.test.context.support.DirtiesContextTestExecutionListener, org.springframework.test.context.transaction.TransactionalTestExecutionListener, org.springframework.test.context.jdbc.SqlScriptsTestExecutionListener, org.springframework.test.context.event.EventPublishingTestExecutionListener]
2024-07-28 15:02:46.476  INFO 5752 --- [    Test worker] .b.t.c.SpringBootTestContextBootstrapper : Using TestExecutionListeners: [org.springframework.test.context.web.ServletTestExecutionListener@6f1b0ead, org.springframework.test.context.support.DirtiesContextBeforeModesTestExecutionListener@4487dce, org.springframework.test.context.event.ApplicationEventsTestExecutionListener@3aafa1c1, org.springframework.boot.test.mock.mockito.MockitoTestExecutionListener@192f807, org.springframework.boot.test.autoconfigure.SpringBootDependencyInjectionTestExecutionListener@36cbe0fe, org.springframework.test.context.support.DirtiesContextTestExecutionListener@712a5de4, org.springframework.test.context.transaction.TransactionalTestExecutionListener@364c4ba9, org.springframework.test.context.jdbc.SqlScriptsTestExecutionListener@2008dfa7, org.springframework.test.context.event.EventPublishingTestExecutionListener@492d0748, org.springframework.boot.test.autoconfigure.restdocs.RestDocsTestExecutionListener@6a4ba6f4, org.springframework.boot.test.autoconfigure.web.client.MockRestServiceServerResetTestExecutionListener@3e0eb917, org.springframework.boot.test.autoconfigure.web.servlet.MockMvcPrintOnlyOnFailureTestExecutionListener@589dac96, org.springframework.boot.test.autoconfigure.web.servlet.WebDriverTestExecutionListener@792bf78a, org.springframework.boot.test.autoconfigure.webservices.client.MockWebServiceServerTestExecutionListener@4e60925d, org.springframework.boot.test.mock.mockito.ResetMocksTestExecutionListener@5ed4c87]
]]></system-out>
  <system-err><![CDATA[]]></system-err>
</testsuite>
