<?xml version="1.0" encoding="UTF-8"?>
<testsuite name="com.crud.tasks.mapper.TaskMapperTest" tests="3" skipped="0" failures="0" errors="0" timestamp="2024-07-26T13:44:37" hostname="GRUBI" time="0.077">
  <properties/>
  <testcase name="shouldMapToTaskDto()" classname="com.crud.tasks.mapper.TaskMapperTest" time="0.025"/>
  <testcase name="shouldMapToTask()" classname="com.crud.tasks.mapper.TaskMapperTest" time="0.017"/>
  <testcase name="shouldFetchMappedList()" classname="com.crud.tasks.mapper.TaskMapperTest" time="0.017"/>
  <system-out><![CDATA[2024-07-26 15:44:37.884  INFO 16772 --- [    Test worker] .b.t.c.SpringBootTestContextBootstrapper : Neither @ContextConfiguration nor @ContextHierarchy found for test class [com.crud.tasks.mapper.TaskMapperTest], using SpringBootContextLoader
2024-07-26 15:44:37.884  INFO 16772 --- [    Test worker] o.s.t.c.support.AbstractContextLoader    : Could not detect default resource locations for test class [com.crud.tasks.mapper.TaskMapperTest]: no resource found for suffixes {-context.xml, Context.groovy}.
2024-07-26 15:44:37.884  INFO 16772 --- [    Test worker] t.c.s.AnnotationConfigContextLoaderUtils : Could not detect default configuration classes for test class [com.crud.tasks.mapper.TaskMapperTest]: TaskMapperTest does not declare any static, non-private, non-final, nested classes annotated with @Configuration.
2024-07-26 15:44:37.916  INFO 16772 --- [    Test worker] .b.t.c.SpringBootTestContextBootstrapper : Found @SpringBootConfiguration com.crud.tasks.TasksApplication for test class com.crud.tasks.mapper.TaskMapperTest
2024-07-26 15:44:37.916  INFO 16772 --- [    Test worker] .b.t.c.SpringBootTestContextBootstrapper : Loaded default TestExecutionListener class names from location [META-INF/spring.factories]: [org.springframework.boot.test.autoconfigure.restdocs.RestDocsTestExecutionListener, org.springframework.boot.test.autoconfigure.web.client.MockRestServiceServerResetTestExecutionListener, org.springframework.boot.test.autoconfigure.web.servlet.MockMvcPrintOnlyOnFailureTestExecutionListener, org.springframework.boot.test.autoconfigure.web.servlet.WebDriverTestExecutionListener, org.springframework.boot.test.autoconfigure.webservices.client.MockWebServiceServerTestExecutionListener, org.springframework.boot.test.mock.mockito.MockitoTestExecutionListener, org.springframework.boot.test.mock.mockito.ResetMocksTestExecutionListener, org.springframework.test.context.web.ServletTestExecutionListener, org.springframework.test.context.support.DirtiesContextBeforeModesTestExecutionListener, org.springframework.test.context.event.ApplicationEventsTestExecutionListener, org.springframework.test.context.support.DependencyInjectionTestExecutionListener, org.springframework.test.context.support.DirtiesContextTestExecutionListener, org.springframework.test.context.transaction.TransactionalTestExecutionListener, org.springframework.test.context.jdbc.SqlScriptsTestExecutionListener, org.springframework.test.context.event.EventPublishingTestExecutionListener]
2024-07-26 15:44:37.916  INFO 16772 --- [    Test worker] .b.t.c.SpringBootTestContextBootstrapper : Using TestExecutionListeners: [org.springframework.test.context.web.ServletTestExecutionListener@69a031a4, org.springframework.test.context.support.DirtiesContextBeforeModesTestExecutionListener@32da6cef, org.springframework.test.context.event.ApplicationEventsTestExecutionListener@4b9dd787, org.springframework.boot.test.mock.mockito.MockitoTestExecutionListener@3545c913, org.springframework.boot.test.autoconfigure.SpringBootDependencyInjectionTestExecutionListener@5d00e30e, org.springframework.test.context.support.DirtiesContextTestExecutionListener@3cdc5155, org.springframework.test.context.transaction.TransactionalTestExecutionListener@195888a6, org.springframework.test.context.jdbc.SqlScriptsTestExecutionListener@2ced7cf, org.springframework.test.context.event.EventPublishingTestExecutionListener@580c4c0b, org.springframework.boot.test.autoconfigure.restdocs.RestDocsTestExecutionListener@604e8a6, org.springframework.boot.test.autoconfigure.web.client.MockRestServiceServerResetTestExecutionListener@5bc44d78, org.springframework.boot.test.autoconfigure.web.servlet.MockMvcPrintOnlyOnFailureTestExecutionListener@2f408960, org.springframework.boot.test.autoconfigure.web.servlet.WebDriverTestExecutionListener@1516f497, org.springframework.boot.test.autoconfigure.webservices.client.MockWebServiceServerTestExecutionListener@34766f4b, org.springframework.boot.test.mock.mockito.ResetMocksTestExecutionListener@4d204b30]
]]></system-out>
  <system-err><![CDATA[]]></system-err>
</testsuite>
