<?xml version="1.0" encoding="UTF-8"?>
<testsuite name="com.crud.tasks.service.SimpleEmailServiceTest" tests="1" skipped="0" failures="0" errors="0" timestamp="2024-07-28T13:02:46" hostname="GRUBI" time="0.097">
  <properties/>
  <testcase name="shouldSendEmail()" classname="com.crud.tasks.service.SimpleEmailServiceTest" time="0.097"/>
  <system-out><![CDATA[2024-07-28 15:02:46.838  INFO 5752 --- [    Test worker] c.crud.tasks.service.SimpleEmailService  : Starting email preparation
2024-07-28 15:02:46.838  INFO 5752 --- [    Test worker] c.crud.tasks.service.SimpleEmailService  : Email has been sent
]]></system-out>
  <system-err><![CDATA[]]></system-err>
</testsuite>
